This is pdfTeX, Version 3.14159265-2.6-1.40.21 (TeX Live 2020/Arch Linux) (preloaded format=pdflatex 2021.3.18)  2 APR 2021 15:29
entering extended mode
 restricted \write18 enabled.
 %&-line parsing enabled.
**myproblemset.tex
(./myproblemset.tex
LaTeX2e <2020-10-01> patch level 2
L3 programming layer <2020-12-03> xparse <2020-03-03>
(/usr/share/texmf-dist/tex/latex/extsizes/extarticle.cls
Document Class: extarticle 1996/10/08 v1.0 Non Standard LaTeX document class
(/usr/share/texmf-dist/tex/latex/extsizes/size14.clo
File: size14.clo 1999/11/11 v1.4a NON-Standard LaTeX file (size option)
)
(/usr/share/texmf-dist/tex/latex/base/exscale.sty
Package: exscale 2018/09/24 v2.1i Standard LaTeX package exscale
LaTeX Font Info:    Redeclaring symbol font `largesymbols' on input line 57.
LaTeX Font Info:    Overwriting symbol font `largesymbols' in version `normal'
(Font)                  OMX/cmex/m/n --> OMX/cmex/m/n on input line 57.
LaTeX Font Info:    Overwriting symbol font `largesymbols' in version `bold'
(Font)                  OMX/cmex/m/n --> OMX/cmex/m/n on input line 57.
\big@size=\dimen138
)
\c@part=\count177
\c@section=\count178
\c@subsection=\count179
\c@subsubsection=\count180
\c@paragraph=\count181
\c@subparagraph=\count182
\c@figure=\count183
\c@table=\count184
\abovecaptionskip=\skip47
\belowcaptionskip=\skip48
\bibindent=\dimen139
)
(/usr/share/texmf-dist/tex/latex/geometry/geometry.sty
Package: geometry 2020/01/02 v5.9 Page Geometry

(/usr/share/texmf-dist/tex/latex/graphics/keyval.sty
Package: keyval 2014/10/28 v1.15 key=value parser (DPC)
\KV@toks@=\toks15
)
(/usr/share/texmf-dist/tex/generic/iftex/ifvtex.sty
Package: ifvtex 2019/10/25 v1.7 ifvtex legacy package. Use iftex instead.

(/usr/share/texmf-dist/tex/generic/iftex/iftex.sty
Package: iftex 2020/03/06 v1.0d TeX engine tests
))
\Gm@cnth=\count185
\Gm@cntv=\count186
\c@Gm@tempcnt=\count187
\Gm@bindingoffset=\dimen140
\Gm@wd@mp=\dimen141
\Gm@odd@mp=\dimen142
\Gm@even@mp=\dimen143
\Gm@layoutwidth=\dimen144
\Gm@layoutheight=\dimen145
\Gm@layouthoffset=\dimen146
\Gm@layoutvoffset=\dimen147
\Gm@dimlist=\toks16
)
(/usr/share/texmf-dist/tex/generic/babel/babel.sty
Package: babel 2020/10/27 3.51 The Babel package

(/usr/share/texmf-dist/tex/generic/babel/babel.def
File: babel.def 2020/10/27 3.51 Babel common definitions
\babel@savecnt=\count188
\U@D=\dimen148
\l@babelnohyphens=\language86

(/usr/share/texmf-dist/tex/generic/babel/txtbabel.def)
\bbl@readstream=\read2
)
\bbl@dirlevel=\count189

(/usr/share/texmf-dist/tex/generic/babel-english/UKenglish.ldf
Language: UKenglish 2017/06/06 v3.3r English support from the babel system

(/usr/share/texmf-dist/tex/generic/babel-english/english.ldf
Language: english 2017/06/06 v3.3r English support from the babel system
Package babel Info: \l@canadian = using hyphenrules for english
(babel)             (\language0) on input line 102.
Package babel Info: \l@australian = using hyphenrules for ukenglish
(babel)             (\language21) on input line 105.
Package babel Info: \l@newzealand = using hyphenrules for ukenglish
(babel)             (\language21) on input line 108.
)))
(/usr/share/texmf-dist/tex/latex/parallel/parallel.sty
Package: parallel 2003/04/13, setting two texts parallel (me)

`parallel': setting two texts parallel, (beta 4) 2003/04/13.
\ParallelLWidth=\dimen149
\ParallelRWidth=\dimen150
\ParallelTextWidth=\dimen151
\ParallelLeftMargin=\dimen152
\ParallelUserMidSkip=\dimen153
\ParallelMainMidSkip=\dimen154
\ParallelLBox=\box47
\ParallelRBox=\box48
\ParallelBoxVar=\box49
\ParallelLTok=\box50
\ParallelRTok=\box51
\ParallelBoolVar=\count190
\ParallelBoolMid=\count191
\ParallelWhichBox=\count192
\ParallelMainMode=\count193
\ParallelFNMode=\count194
\ParallelLFNCounter=\count195
\ParallelRFNCounter=\count196
\ParallelMaxFN=\count197
\ParallelFNNumMode=\count198
)
(/usr/share/texmf-dist/tex/latex/enumitem/enumitem.sty
Package: enumitem 2019/06/20 v3.9 Customized lists
\labelindent=\skip49
\enit@outerparindent=\dimen155
\enit@toks=\toks17
\enit@inbox=\box52
\enit@count@id=\count199
\enitdp@description=\count266
)
(/usr/share/texmf-dist/tex/latex/tools/multicol.sty
Package: multicol 2019/12/09 v1.8y multicolumn formatting (FMi)
\c@tracingmulticols=\count267
\mult@box=\box53
\multicol@leftmargin=\dimen156
\c@unbalance=\count268
\c@collectmore=\count269
\doublecol@number=\count270
\multicoltolerance=\count271
\multicolpretolerance=\count272
\full@width=\dimen157
\page@free=\dimen158
\premulticols=\dimen159
\postmulticols=\dimen160
\multicolsep=\skip50
\multicolbaselineskip=\skip51
\partial@page=\box54
\last@line=\box55
\maxbalancingoverflow=\dimen161
\mult@rightbox=\box56
\mult@grightbox=\box57
\mult@gfirstbox=\box58
\mult@firstbox=\box59
\@tempa=\box60
\@tempa=\box61
\@tempa=\box62
\@tempa=\box63
\@tempa=\box64
\@tempa=\box65
\@tempa=\box66
\@tempa=\box67
\@tempa=\box68
\@tempa=\box69
\@tempa=\box70
\@tempa=\box71
\@tempa=\box72
\@tempa=\box73
\@tempa=\box74
\@tempa=\box75
\@tempa=\box76
\@tempa=\box77
\@tempa=\box78
\@tempa=\box79
\@tempa=\box80
\@tempa=\box81
\@tempa=\box82
\@tempa=\box83
\@tempa=\box84
\@tempa=\box85
\@tempa=\box86
\@tempa=\box87
\@tempa=\box88
\@tempa=\box89
\@tempa=\box90
\@tempa=\box91
\@tempa=\box92
\@tempa=\box93
\@tempa=\box94
\@tempa=\box95
\@tempa=\box96
\c@minrows=\count273
\c@columnbadness=\count274
\c@finalcolumnbadness=\count275
\last@try=\dimen162
\multicolovershoot=\dimen163
\multicolundershoot=\dimen164
\mult@nat@firstbox=\box97
\colbreak@box=\box98
\mc@col@check@num=\count276
)
(/usr/share/texmf-dist/tex/latex/amsfonts/amssymb.sty
Package: amssymb 2013/01/14 v3.01 AMS font symbols

(/usr/share/texmf-dist/tex/latex/amsfonts/amsfonts.sty
Package: amsfonts 2013/01/14 v3.01 Basic AMSFonts support
\@emptytoks=\toks18
\symAMSa=\mathgroup4
\symAMSb=\mathgroup5
LaTeX Font Info:    Redeclaring math symbol \hbar on input line 98.
LaTeX Font Info:    Overwriting math alphabet `\mathfrak' in version `bold'
(Font)                  U/euf/m/n --> U/euf/b/n on input line 106.
))
(/usr/share/texmf-dist/tex/latex/amsmath/amsmath.sty
Package: amsmath 2020/09/23 v2.17i AMS math features
\@mathmargin=\skip52

For additional information on amsmath, use the `?' option.
(/usr/share/texmf-dist/tex/latex/amsmath/amstext.sty
Package: amstext 2000/06/29 v2.01 AMS text

(/usr/share/texmf-dist/tex/latex/amsmath/amsgen.sty
File: amsgen.sty 1999/11/30 v2.0 generic functions
\@emptytoks=\toks19
\ex@=\dimen165
))
(/usr/share/texmf-dist/tex/latex/amsmath/amsbsy.sty
Package: amsbsy 1999/11/29 v1.2d Bold Symbols
\pmbraise@=\dimen166
)
(/usr/share/texmf-dist/tex/latex/amsmath/amsopn.sty
Package: amsopn 2016/03/08 v2.02 operator names
)
\inf@bad=\count277
LaTeX Info: Redefining \frac on input line 234.
\uproot@=\count278
\leftroot@=\count279
LaTeX Info: Redefining \overline on input line 399.
\classnum@=\count280
\DOTSCASE@=\count281
LaTeX Info: Redefining \ldots on input line 496.
LaTeX Info: Redefining \dots on input line 499.
LaTeX Info: Redefining \cdots on input line 620.
\Mathstrutbox@=\box99
\strutbox@=\box100
\big@size=\dimen167
LaTeX Font Info:    Redeclaring font encoding OML on input line 743.
LaTeX Font Info:    Redeclaring font encoding OMS on input line 744.
\macc@depth=\count282
\c@MaxMatrixCols=\count283
\dotsspace@=\muskip16
\c@parentequation=\count284
\dspbrk@lvl=\count285
\tag@help=\toks20
\row@=\count286
\column@=\count287
\maxfields@=\count288
\andhelp@=\toks21
\eqnshift@=\dimen168
\alignsep@=\dimen169
\tagshift@=\dimen170
\tagwidth@=\dimen171
\totwidth@=\dimen172
\lineht@=\dimen173
\@envbody=\toks22
\multlinegap=\skip53
\multlinetaggap=\skip54
\mathdisplay@stack=\toks23
LaTeX Info: Redefining \[ on input line 2923.
LaTeX Info: Redefining \] on input line 2924.
)
(/usr/share/texmf-dist/tex/latex/tools/bm.sty
Package: bm 2019/07/24 v1.2d Bold Symbol Support (DPC/FMi)
\symboldoperators=\mathgroup6
\symboldletters=\mathgroup7
\symboldsymbols=\mathgroup8
LaTeX Font Info:    Redeclaring math alphabet \mathbf on input line 141.
LaTeX Info: Redefining \bm on input line 209.
)
(/usr/share/texmf-dist/tex/latex/graphics/graphicx.sty
Package: graphicx 2020/09/09 v1.2b Enhanced LaTeX Graphics (DPC,SPQR)

(/usr/share/texmf-dist/tex/latex/graphics/graphics.sty
Package: graphics 2020/08/30 v1.4c Standard LaTeX Graphics (DPC,SPQR)

(/usr/share/texmf-dist/tex/latex/graphics/trig.sty
Package: trig 2016/01/03 v1.10 sin cos tan (DPC)
)
(/usr/share/texmf-dist/tex/latex/graphics-cfg/graphics.cfg
File: graphics.cfg 2016/06/04 v1.11 sample graphics configuration
)
Package graphics Info: Driver file: pdftex.def on input line 105.

(/usr/share/texmf-dist/tex/latex/graphics-def/pdftex.def
File: pdftex.def 2020/10/05 v1.2a Graphics/color driver for pdftex
))
\Gin@req@height=\dimen174
\Gin@req@width=\dimen175
)
(/usr/share/texmf-dist/tex/latex/physics/physics.sty
Package: physics 

(/usr/share/texmf-dist/tex/latex/l3packages/xparse/xparse.sty
(/usr/share/texmf-dist/tex/latex/l3kernel/expl3.sty
Package: expl3 2020-12-03 L3 programming layer (loader) 

(/usr/share/texmf-dist/tex/latex/l3backend/l3backend-pdftex.def
File: l3backend-pdftex.def 2020-09-24 L3 backend support: PDF output (pdfTeX)
\l__kernel_color_stack_int=\count289
\l__pdf_internal_box=\box101
))
Package: xparse 2020-10-27 L3 Experimental document command parser

(/usr/share/texmf-dist/tex/latex/l3packages/xparse/xparse-generic.tex)))
(./myproblemset.aux)
LaTeX Font Info:    Checking defaults for OML/cmm/m/it on input line 43.
LaTeX Font Info:    ... okay on input line 43.
LaTeX Font Info:    Checking defaults for OMS/cmsy/m/n on input line 43.
LaTeX Font Info:    ... okay on input line 43.
LaTeX Font Info:    Checking defaults for OT1/cmr/m/n on input line 43.
LaTeX Font Info:    ... okay on input line 43.
LaTeX Font Info:    Checking defaults for T1/cmr/m/n on input line 43.
LaTeX Font Info:    ... okay on input line 43.
LaTeX Font Info:    Checking defaults for TS1/cmr/m/n on input line 43.
LaTeX Font Info:    ... okay on input line 43.
LaTeX Font Info:    Checking defaults for OMX/cmex/m/n on input line 43.
LaTeX Font Info:    ... okay on input line 43.
LaTeX Font Info:    Checking defaults for U/cmr/m/n on input line 43.
LaTeX Font Info:    ... okay on input line 43.

*geometry* driver: auto-detecting
*geometry* detected driver: pdftex
*geometry* verbose mode - [ preamble ] result:
* driver: pdftex
* paper: <default>
* layout: <same size as paper>
* layoutoffset:(h,v)=(0.0pt,0.0pt)
* modes: 
* h-part:(L,W,R)=(39.83368pt, 534.62764pt, 39.83368pt)
* v-part:(T,H,B)=(39.83368pt, 715.30263pt, 39.83368pt)
* \paperwidth=614.295pt
* \paperheight=794.96999pt
* \textwidth=534.62764pt
* \textheight=715.30263pt
* \oddsidemargin=-32.43631pt
* \evensidemargin=-32.43631pt
* \topmargin=-71.43631pt
* \headheight=14.0pt
* \headsep=25.0pt
* \topskip=14.0pt
* \footskip=30.0pt
* \marginparwidth=24.0pt
* \marginparsep=10.0pt
* \columnsep=19.91684pt
* \skip\footins=12.0pt plus 4.0pt minus 2.0pt
* \hoffset=0.0pt
* \voffset=0.0pt
* \mag=1000
* \@twocolumnfalse
* \@twosidefalse
* \@mparswitchfalse
* \@reversemarginfalse
* (1in=72.27pt=25.4mm, 1cm=28.453pt)

(/usr/share/texmf-dist/tex/context/base/mkii/supp-pdf.mkii
[Loading MPS to PDF converter (version 2006.09.02).]
\scratchcounter=\count290
\scratchdimen=\dimen176
\scratchbox=\box102
\nofMPsegments=\count291
\nofMParguments=\count292
\everyMPshowfont=\toks24
\MPscratchCnt=\count293
\MPscratchDim=\dimen177
\MPnumerator=\count294
\makeMPintoPDFobject=\count295
\everyMPtoPDFconversion=\toks25
) (/usr/share/texmf-dist/tex/latex/epstopdf-pkg/epstopdf-base.sty
Package: epstopdf-base 2020-01-24 v2.11 Base part for package epstopdf
Package epstopdf-base Info: Redefining graphics rule for `.eps' on input line 4
85.

(/usr/share/texmf-dist/tex/latex/latexconfig/epstopdf-sys.cfg
File: epstopdf-sys.cfg 2010/07/13 v1.3 Configuration of (r)epstopdf for TeX Liv
e
))
Underfull \hbox (badness 10000) in paragraph at lines 62--63

 []

LaTeX Font Info:    Trying to load font information for U+msa on input line 65.

(/usr/share/texmf-dist/tex/latex/amsfonts/umsa.fd
File: umsa.fd 2013/01/14 v3.01 AMS symbols A
)
LaTeX Font Info:    Trying to load font information for U+msb on input line 65.


(/usr/share/texmf-dist/tex/latex/amsfonts/umsb.fd
File: umsb.fd 2013/01/14 v3.01 AMS symbols B
)
Underfull \hbox (badness 10000) in paragraph at lines 64--66

 []


Underfull \hbox (badness 10000) in paragraph at lines 72--73

 []


Overfull \hbox (16.91676pt too wide) in paragraph at lines 80--81
[]\OT1/cmr/m/n/14.4 Naturally the \OT1/cmr/m/it/14.4 in-fin-ites-imal \OT1/cmr/
m/n/14.4 time evol-u-tion op-er-ator must also be unit-ary, i.e. $[]([]\OML/cmm
/m/it/14.4 t\OT1/cmr/m/n/14.4 )[]([]\OML/cmm/m/it/14.4 t\OT1/cmr/m/n/14.4 ) =
 []

[1

{/var/lib/texmf/fonts/map/pdftex/updmap/pdftex.map}]
Underfull \hbox (badness 10000) in paragraph at lines 101--102

 []


Underfull \hbox (badness 10000) in paragraph at lines 103--104

 []


Overfull \hbox (16.00636pt too wide) in paragraph at lines 113--114
[]\OT1/cmr/bx/n/24.88 II --- Ex-pect-a-tion Val-ues for Sta-tion-ary States 
 []


Underfull \hbox (badness 10000) in paragraph at lines 113--114

 []


Underfull \hbox (badness 10000) in paragraph at lines 115--117

 []


Underfull \hbox (badness 10000) in paragraph at lines 131--132

 []

[2]
Underfull \hbox (badness 10000) in paragraph at lines 149--150

 []


Underfull \hbox (badness 10000) in paragraph at lines 155--156

 []


Underfull \hbox (badness 10000) in paragraph at lines 168--169

 []


Underfull \hbox (badness 10000) in paragraph at lines 170--171

 []

[3] [4]
Underfull \hbox (badness 10000) in paragraph at lines 180--181

 []


Underfull \hbox (badness 10000) in paragraph at lines 182--184

 []


Underfull \hbox (badness 10000) in paragraph at lines 191--192

 []


Underfull \hbox (badness 10000) in paragraph at lines 197--198

 []


Underfull \hbox (badness 10000) in paragraph at lines 207--208

 []

[5]
Underfull \hbox (badness 10000) in paragraph at lines 246--247

 []


Underfull \hbox (badness 10000) in paragraph at lines 248--249

 []


Underfull \hbox (badness 10000) in paragraph at lines 262--263

 []

[6]
Underfull \hbox (badness 10000) in paragraph at lines 264--266

 []


Underfull \hbox (badness 10000) in paragraph at lines 276--277

 []


Underfull \hbox (badness 10000) in paragraph at lines 294--295

 []

[7]
Underfull \hbox (badness 10000) in paragraph at lines 309--310

 []


Underfull \hbox (badness 10000) in paragraph at lines 320--321

 []


Underfull \hbox (badness 10000) in paragraph at lines 331--332

 []

[8]
Underfull \hbox (badness 10000) in paragraph at lines 337--338

 []


Underfull \hbox (badness 10000) in paragraph at lines 350--351

 []


Underfull \hbox (badness 10000) in paragraph at lines 352--353

 []


Underfull \hbox (badness 10000) in paragraph at lines 364--365

 []


Underfull \hbox (badness 10000) in paragraph at lines 366--367

 []


Underfull \hbox (badness 10000) in paragraph at lines 374--375

 []

[9]
Underfull \hbox (badness 10000) in paragraph at lines 404--405

 []


Underfull \hbox (badness 10000) in paragraph at lines 435--436

 []

[10]
Underfull \hbox (badness 10000) in paragraph at lines 475--476

 []

[11]
Underfull \hbox (badness 10000) in paragraph at lines 509--510

 []


Underfull \hbox (badness 10000) in paragraph at lines 527--528

 []

[12]
Underfull \hbox (badness 10000) in paragraph at lines 560--561

 []


Underfull \hbox (badness 10000) in paragraph at lines 567--568

 []


Underfull \hbox (badness 10000) in paragraph at lines 606--607

 []

[13]
Underfull \hbox (badness 10000) in paragraph at lines 661--662

 []


Underfull \hbox (badness 10000) in paragraph at lines 663--664

 []

[14] (./myproblemset.aux) ) 
Here is how much of TeX's memory you used:
 4822 strings out of 479383
 66112 string characters out of 5875830
 394985 words of memory out of 5000000
 21879 multiletter control sequences out of 15000+600000
 416894 words of font info for 76 fonts, out of 8000000 for 9000
 1141 hyphenation exceptions out of 8191
 78i,13n,86p,461b,200s stack positions out of 5000i,500n,10000p,200000b,80000s
</usr/share/texmf-dist/fonts/type1/public/amsfonts/c
m/cmbx12.pfb></usr/share/texmf-dist/fonts/type1/public/amsfonts/cm/cmbxti10.pfb
></usr/share/texmf-dist/fonts/type1/public/amsfonts/cm/cmex10.pfb></usr/share/t
exmf-dist/fonts/type1/public/amsfonts/cm/cmmi10.pfb></usr/share/texmf-dist/font
s/type1/public/amsfonts/cm/cmmi12.pfb></usr/share/texmf-dist/fonts/type1/public
/amsfonts/cm/cmmi7.pfb></usr/share/texmf-dist/fonts/type1/public/amsfonts/cm/cm
mib10.pfb></usr/share/texmf-dist/fonts/type1/public/amsfonts/cm/cmr10.pfb></usr
/share/texmf-dist/fonts/type1/public/amsfonts/cm/cmr12.pfb></usr/share/texmf-di
st/fonts/type1/public/amsfonts/cm/cmr17.pfb></usr/share/texmf-dist/fonts/type1/
public/amsfonts/cm/cmr7.pfb></usr/share/texmf-dist/fonts/type1/public/amsfonts/
cm/cmsy10.pfb></usr/share/texmf-dist/fonts/type1/public/amsfonts/cm/cmsy7.pfb><
/usr/share/texmf-dist/fonts/type1/public/amsfonts/cm/cmti12.pfb></usr/share/tex
mf-dist/fonts/type1/public/amsfonts/symbols/msam10.pfb></usr/share/texmf-dist/f
onts/type1/public/amsfonts/symbols/msbm10.pfb>
Output written on myproblemset.pdf (14 pages, 192005 bytes).
PDF statistics:
 114 PDF objects out of 1000 (max. 8388607)
 81 compressed objects within 1 object stream
 0 named destinations out of 1000 (max. 500000)
 1 words of extra memory for PDF output out of 10000 (max. 10000000)

